[debug] [2023-09-30T18:00:03.727Z] ----------------------------------------------------------------------
[debug] [2023-09-30T18:00:03.727Z] Command:       /Users/ralph/.nvm/versions/node/v18.16.1/bin/node /Users/ralph/Projects/Hack-2023-backend/node_modules/.bin/firebase emulators:start
[debug] [2023-09-30T18:00:03.728Z] CLI Version:   12.6.1
[debug] [2023-09-30T18:00:03.728Z] Platform:      darwin
[debug] [2023-09-30T18:00:03.728Z] Node Version:  v18.16.1
[debug] [2023-09-30T18:00:03.729Z] Time:          Sat Sep 30 2023 14:00:03 GMT-0400 (Eastern Daylight Time)
[debug] [2023-09-30T18:00:03.729Z] ----------------------------------------------------------------------
[debug] 
[debug] [2023-09-30T18:00:03.781Z] Field ".emulators.functions.port" in "firebase.json" is possibly invalid: should be number
[debug] [2023-09-30T18:00:03.784Z] > command requires scopes: ["email","openid","https://www.googleapis.com/auth/cloudplatformprojects.readonly","https://www.googleapis.com/auth/firebase","https://www.googleapis.com/auth/cloud-platform"]
[debug] [2023-09-30T18:00:03.784Z] > authorizing via signed-in user (placideralph@gmail.com)
[info] i  emulators: Starting emulators: functions, hosting {"metadata":{"emulator":{"name":"hub"},"message":"Starting emulators: functions, hosting"}}
[debug] [2023-09-30T18:00:03.913Z] [logging] Logging Emulator only supports listening on one address (127.0.0.1). Not listening on ::1
[debug] [2023-09-30T18:00:03.913Z] [hosting] Hosting Emulator only supports listening on one address (127.0.0.1). Not listening on ::1
[debug] [2023-09-30T18:00:03.913Z] assigned listening specs for emulators {"user":{"hub":[{"address":"127.0.0.1","family":"IPv4","port":4400},{"address":"::1","family":"IPv6","port":4400}],"ui":[{"address":"127.0.0.1","family":"IPv4","port":4000},{"address":"::1","family":"IPv6","port":4000}],"logging":[{"address":"127.0.0.1","family":"IPv4","port":4500}],"hosting":[{"address":"127.0.0.1","family":"IPv4","port":3300}]},"metadata":{"message":"assigned listening specs for emulators"}}
[debug] [2023-09-30T18:00:03.916Z] [hub] writing locator at /var/folders/tq/b756h98j3x3dgw3jwjffgwch0000gn/T/hub-hack2023-backend.json
[debug] [2023-09-30T18:00:03.981Z] [functions] Functions Emulator only supports listening on one address (127.0.0.1). Not listening on ::1
[debug] [2023-09-30T18:00:03.981Z] [eventarc] Eventarc Emulator only supports listening on one address (127.0.0.1). Not listening on ::1
[debug] [2023-09-30T18:00:03.981Z] late-assigned ports for functions and eventarc emulators {"user":{"hub":[{"address":"127.0.0.1","family":"IPv4","port":4400},{"address":"::1","family":"IPv6","port":4400}],"ui":[{"address":"127.0.0.1","family":"IPv4","port":4000},{"address":"::1","family":"IPv6","port":4000}],"logging":[{"address":"127.0.0.1","family":"IPv4","port":4500}],"hosting":[{"address":"127.0.0.1","family":"IPv4","port":3300}],"functions":[{"address":"127.0.0.1","family":"IPv4","port":8000}],"eventarc":[{"address":"127.0.0.1","family":"IPv4","port":9299}]},"metadata":{"message":"late-assigned ports for functions and eventarc emulators"}}
[warn] ⚠  functions: The following emulators are not running, calls to these services from the Functions emulator will affect production: auth, firestore, database, pubsub, storage {"metadata":{"emulator":{"name":"functions"},"message":"The following emulators are not running, calls to these services from the Functions emulator will affect production: \u001b[1mauth, firestore, database, pubsub, storage\u001b[22m"}}
[debug] [2023-09-30T18:00:03.982Z] defaultcredentials: writing to file /Users/ralph/.config/firebase/placideralph_gmail_com_application_default_credentials.json
[debug] [2023-09-30T18:00:03.989Z] Setting GAC to /Users/ralph/.config/firebase/placideralph_gmail_com_application_default_credentials.json {"metadata":{"emulator":{"name":"functions"},"message":"Setting GAC to /Users/ralph/.config/firebase/placideralph_gmail_com_application_default_credentials.json"}}
[debug] [2023-09-30T18:00:03.990Z] >>> [apiv2][query] GET https://firebase.googleapis.com/v1beta1/projects/hack2023-backend/adminSdkConfig [none]
[debug] [2023-09-30T18:00:04.245Z] <<< [apiv2][status] GET https://firebase.googleapis.com/v1beta1/projects/hack2023-backend/adminSdkConfig 200
[debug] [2023-09-30T18:00:04.246Z] <<< [apiv2][body] GET https://firebase.googleapis.com/v1beta1/projects/hack2023-backend/adminSdkConfig {"projectId":"hack2023-backend","storageBucket":"hack2023-backend.appspot.com"}
[debug] [2023-09-30T18:00:04.266Z] >>> [apiv2][query] GET https://firebasehosting.googleapis.com/v1beta1/projects/hack2023-backend/sites 
[debug] [2023-09-30T18:00:04.760Z] <<< [apiv2][status] GET https://firebasehosting.googleapis.com/v1beta1/projects/hack2023-backend/sites 200
[debug] [2023-09-30T18:00:04.760Z] <<< [apiv2][body] GET https://firebasehosting.googleapis.com/v1beta1/projects/hack2023-backend/sites {"sites":[{"name":"projects/hack2023-backend/sites/hack2023-backend","defaultUrl":"https://hack2023-backend.web.app","appId":"1:761295662703:web:1c660fc0ed7dbcd305e79a","type":"DEFAULT_SITE"}]}
[debug] [2023-09-30T18:00:04.761Z] >>> [apiv2][query] GET https://firebase.googleapis.com/v1beta1/projects/hack2023-backend/webApps/1:761295662703:web:1c660fc0ed7dbcd305e79a/config [none]
[debug] [2023-09-30T18:00:05.141Z] <<< [apiv2][status] GET https://firebase.googleapis.com/v1beta1/projects/hack2023-backend/webApps/1:761295662703:web:1c660fc0ed7dbcd305e79a/config 200
[debug] [2023-09-30T18:00:05.142Z] <<< [apiv2][body] GET https://firebase.googleapis.com/v1beta1/projects/hack2023-backend/webApps/1:761295662703:web:1c660fc0ed7dbcd305e79a/config {"projectId":"hack2023-backend","appId":"1:761295662703:web:1c660fc0ed7dbcd305e79a","storageBucket":"hack2023-backend.appspot.com","apiKey":"AIzaSyAyntpVnuNSl-vQEKLdjfGXr46FD9Cl6M8","authDomain":"hack2023-backend.firebaseapp.com","messagingSenderId":"761295662703"}
[debug] [2023-09-30T18:00:05.152Z] >>> [apiv2][query] GET https://firebase.googleapis.com/v1beta1/projects/hack2023-backend [none]
[debug] [2023-09-30T18:00:05.372Z] <<< [apiv2][status] GET https://firebase.googleapis.com/v1beta1/projects/hack2023-backend 200
[debug] [2023-09-30T18:00:05.372Z] <<< [apiv2][body] GET https://firebase.googleapis.com/v1beta1/projects/hack2023-backend {"projectId":"hack2023-backend","projectNumber":"761295662703","displayName":"hack2023-backend","name":"projects/hack2023-backend","resources":{"hostingSite":"hack2023-backend"},"state":"ACTIVE","etag":"1_b97e0976-152b-44da-b9a3-760bfbb0574d"}
[info] i  hosting[hack2023-backend]: Serving hosting files from: dist {"metadata":{"emulator":{"name":"hosting"},"message":"Serving hosting files from: \u001b[1mdist\u001b[22m"}}
[info] ✔  hosting[hack2023-backend]: Local server: http://127.0.0.1:3300 {"metadata":{"emulator":{"name":"hosting"},"message":"Local server: \u001b[4m\u001b[1mhttp://127.0.0.1:3300\u001b[22m\u001b[24m"}}
[debug] [2023-09-30T18:00:05.425Z] Ignoring unsupported arg: auto_download {"metadata":{"emulator":{"name":"ui"},"message":"Ignoring unsupported arg: auto_download"}}
[debug] [2023-09-30T18:00:05.425Z] Ignoring unsupported arg: port {"metadata":{"emulator":{"name":"ui"},"message":"Ignoring unsupported arg: port"}}
[debug] [2023-09-30T18:00:05.425Z] Starting Emulator UI with command {"binary":"node","args":["/Users/ralph/.cache/firebase/emulators/ui-v1.11.7/server/server.js"],"optionalArgs":[],"joinArgs":false} {"metadata":{"emulator":{"name":"ui"},"message":"Starting Emulator UI with command {\"binary\":\"node\",\"args\":[\"/Users/ralph/.cache/firebase/emulators/ui-v1.11.7/server/server.js\"],\"optionalArgs\":[],\"joinArgs\":false}"}}
[info] i  ui: Emulator UI logging to ui-debug.log {"metadata":{"emulator":{"name":"ui"},"message":"Emulator UI logging to \u001b[1mui-debug.log\u001b[22m"}}
[debug] [2023-09-30T18:00:05.491Z] Web / API server started at 127.0.0.1:4000
 {"metadata":{"emulator":{"name":"ui"},"message":"Web / API server started at 127.0.0.1:4000\n"}}
[debug] [2023-09-30T18:00:05.491Z] Web / API server started at ::1:4000
 {"metadata":{"emulator":{"name":"ui"},"message":"Web / API server started at ::1:4000\n"}}
[info] i  functions: Watching "/Users/ralph/Projects/Hack-2023-backend/dist" for Cloud Functions... {"metadata":{"emulator":{"name":"functions"},"message":"Watching \"/Users/ralph/Projects/Hack-2023-backend/dist\" for Cloud Functions..."}}
[debug] [2023-09-30T18:00:05.685Z] Validating nodejs source
[debug] [2023-09-30T18:00:06.456Z] > [functions] package.json contents: {
  "name": "hackathon-2023-backend",
  "version": "1.0.0",
  "description": "",
  "main": "index.js",
  "scripts": {
    "build": "tsc && cp package.json dist/ && cp .env dist/",
    "start": "tsc && cp package.json dist/ && cp .env dist/ && firebase emulators:start",
    "build:watch": "tsc --watch",
    "serve": "npm run build && firebase emulators:start --only functions",
    "shell": "npm run build && firebase functions:shell",
    "deploy": "npm run build && firebase deploy --only functions",
    "dev": "concurrently \"npx tsc --watch\" \"nodemon -q dist/index.js\""
  },
  "keywords": [],
  "author": "",
  "license": "ISC",
  "dependencies": {
    "cls-hooked": "^4.2.2",
    "cors": "^2.8.5",
    "crypto-js": "^4.1.1",
    "dotenv": "^16.3.1",
    "express": "^4.18.2",
    "firebase-admin": "^11.8.0",
    "firebase-functions": "^4.3.1",
    "firebase-tools": "^12.6.1",
    "jsonwebtoken": "^9.0.2",
    "mongodb": "^6.1.0",
    "twilio": "^4.18.0"
  },
  "devDependencies": {
    "@types/cls-hooked": "^4.3.6",
    "@types/cors": "^2.8.14",
    "@types/crypto-js": "^4.1.2",
    "@types/express": "^4.17.18",
    "@types/jsonwebtoken": "^9.0.3",
    "@types/node": "^20.7.2",
    "concurrently": "^8.2.1",
    "firebase-functions-test": "^3.1.0",
    "nodemon": "^3.0.1",
    "ts-node": "^10.9.1",
    "typescript": "^5.2.2"
  }
}
[debug] [2023-09-30T18:00:06.457Z] Building nodejs source
[debug] [2023-09-30T18:00:06.457Z] Failed to find version of module node: reached end of search path /Users/ralph/Projects/Hack-2023-backend/dist/node_modules
[info] ✔  functions: Using node@18 from host. 
[info] i  functions: Loaded environment variables from .env. 
[debug] [2023-09-30T18:00:06.459Z] Could not find functions.yaml. Must use http discovery
[debug] [2023-09-30T18:00:06.464Z] Found firebase-functions binary at '/Users/ralph/Projects/Hack-2023-backend/node_modules/.bin/firebase-functions'
[info] Serving at port 8975

[debug] [2023-09-30T18:00:06.749Z] Got response from /__/functions.yaml {"endpoints":{"api":{"platform":"gcfv1","availableMemoryMb":null,"timeoutSeconds":null,"minInstances":null,"maxInstances":null,"ingressSettings":null,"serviceAccountEmail":null,"vpc":null,"httpsTrigger":{},"entryPoint":"api"}},"specVersion":"v1alpha1","requiredAPIs":[]}
[info] shutdown requested via /__/quitquitquit

[info] ✔  functions: Loaded functions definitions from source: api. {"metadata":{"emulator":{"name":"functions"},"message":"Loaded functions definitions from source: api."}}
[info] ✔  functions[us-central1-api]: http function initialized (http://127.0.0.1:8000/hack2023-backend/us-central1/api). {"metadata":{"emulator":{"name":"functions"},"message":"\u001b[1mhttp\u001b[22m function initialized (http://127.0.0.1:8000/hack2023-backend/us-central1/api)."}}
[info] 
┌─────────────────────────────────────────────────────────────┐
│ ✔  All emulators ready! It is now safe to connect your app. │
│ i  View Emulator UI at http://127.0.0.1:4000/               │
└─────────────────────────────────────────────────────────────┘

┌───────────┬────────────────┬─────────────────────────────────┐
│ Emulator  │ Host:Port      │ View in Emulator UI             │
├───────────┼────────────────┼─────────────────────────────────┤
│ Functions │ 127.0.0.1:8000 │ http://127.0.0.1:4000/functions │
├───────────┼────────────────┼─────────────────────────────────┤
│ Hosting   │ 127.0.0.1:3300 │ n/a                             │
└───────────┴────────────────┴─────────────────────────────────┘
  Emulator Hub running at 127.0.0.1:4400
  Other reserved ports: 4500

Issues? Report them at https://github.com/firebase/firebase-tools/issues and attach the *-debug.log files.
 
[debug] [2023-09-30T18:00:09.760Z] [work-queue] {"queuedWork":["/hack2023-backend/us-central1/api/screening-2023-09-30T18:00:09.759Z"],"queueLength":1,"runningWork":[],"workRunningCount":0}
[debug] [2023-09-30T18:00:09.760Z] [work-queue] {"queuedWork":[],"queueLength":0,"runningWork":["/hack2023-backend/us-central1/api/screening-2023-09-30T18:00:09.759Z"],"workRunningCount":1}
[debug] [2023-09-30T18:00:09.760Z] Accepted request GET /hack2023-backend/us-central1/api/screening --> us-central1-api
[debug] [2023-09-30T18:00:09.764Z] [functions] Runtime ready! Sending request! {"metadata":{"emulator":{"name":"functions"},"message":"[functions] Runtime ready! Sending request!"}}
[debug] [2023-09-30T18:00:09.765Z] [functions] Got req.url=/hack2023-backend/us-central1/api/screening, mapping to path=/screening {"metadata":{"emulator":{"name":"functions"},"message":"[functions] Got req.url=/hack2023-backend/us-central1/api/screening, mapping to path=/screening"}}
[info] i  functions: Loaded environment variables from .env. 
[debug] [2023-09-30T18:00:09.772Z] [worker-pool] addWorker(us-central1-api) {"metadata":{"emulator":{"name":"functions"},"message":"[worker-pool] addWorker(us-central1-api)"}}
[debug] [2023-09-30T18:00:09.773Z] [worker-pool] Adding worker with key us-central1-api, total=1 {"metadata":{"emulator":{"name":"functions"},"message":"[worker-pool] Adding worker with key us-central1-api, total=1"}}
[debug] [2023-09-30T18:00:10.269Z] [runtime-status] [41956] Resolved module firebase-admin {"declared":true,"installed":true,"version":"11.11.0","resolution":"/Users/ralph/Projects/Hack-2023-backend/node_modules/firebase-admin/lib/index.js"} {"metadata":{"emulator":{"name":"functions"},"function":{"name":"us-central1-api"},"extension":{},"message":"[runtime-status] [41956] Resolved module firebase-admin {\"declared\":true,\"installed\":true,\"version\":\"11.11.0\",\"resolution\":\"/Users/ralph/Projects/Hack-2023-backend/node_modules/firebase-admin/lib/index.js\"}"}}
[debug] [2023-09-30T18:00:10.269Z] [runtime-status] [41956] Resolved module firebase-functions {"declared":true,"installed":true,"version":"4.4.1","resolution":"/Users/ralph/Projects/Hack-2023-backend/node_modules/firebase-functions/lib/v1/index.js"} {"metadata":{"emulator":{"name":"functions"},"function":{"name":"us-central1-api"},"extension":{},"message":"[runtime-status] [41956] Resolved module firebase-functions {\"declared\":true,\"installed\":true,\"version\":\"4.4.1\",\"resolution\":\"/Users/ralph/Projects/Hack-2023-backend/node_modules/firebase-functions/lib/v1/index.js\"}"}}
[debug] [2023-09-30T18:00:10.269Z] [runtime-status] [41956] Outgoing network have been stubbed. [{"name":"http","status":"mocked"},{"name":"http","status":"mocked"},{"name":"https","status":"mocked"},{"name":"https","status":"mocked"},{"name":"net","status":"mocked"}] {"metadata":{"emulator":{"name":"functions"},"function":{"name":"us-central1-api"},"extension":{},"message":"[runtime-status] [41956] Outgoing network have been stubbed. [{\"name\":\"http\",\"status\":\"mocked\"},{\"name\":\"http\",\"status\":\"mocked\"},{\"name\":\"https\",\"status\":\"mocked\"},{\"name\":\"https\",\"status\":\"mocked\"},{\"name\":\"net\",\"status\":\"mocked\"}]"}}
[debug] [2023-09-30T18:00:10.269Z] [runtime-status] [41956] Resolved module firebase-functions {"declared":true,"installed":true,"version":"4.4.1","resolution":"/Users/ralph/Projects/Hack-2023-backend/node_modules/firebase-functions/lib/v1/index.js"} {"metadata":{"emulator":{"name":"functions"},"function":{"name":"us-central1-api"},"extension":{},"message":"[runtime-status] [41956] Resolved module firebase-functions {\"declared\":true,\"installed\":true,\"version\":\"4.4.1\",\"resolution\":\"/Users/ralph/Projects/Hack-2023-backend/node_modules/firebase-functions/lib/v1/index.js\"}"}}
[debug] [2023-09-30T18:00:10.334Z] [runtime-status] [41956] Checked functions.config() {"config":{}} {"metadata":{"emulator":{"name":"functions"},"function":{"name":"us-central1-api"},"extension":{},"message":"[runtime-status] [41956] Checked functions.config() {\"config\":{}}"}}
[debug] [2023-09-30T18:00:10.334Z] [runtime-status] [41956] firebase-functions has been stubbed. {"functionsResolution":{"declared":true,"installed":true,"version":"4.4.1","resolution":"/Users/ralph/Projects/Hack-2023-backend/node_modules/firebase-functions/lib/v1/index.js"}} {"metadata":{"emulator":{"name":"functions"},"function":{"name":"us-central1-api"},"extension":{},"message":"[runtime-status] [41956] firebase-functions has been stubbed. {\"functionsResolution\":{\"declared\":true,\"installed\":true,\"version\":\"4.4.1\",\"resolution\":\"/Users/ralph/Projects/Hack-2023-backend/node_modules/firebase-functions/lib/v1/index.js\"}}"}}
[debug] [2023-09-30T18:00:10.334Z] [runtime-status] [41956] Resolved module firebase-functions {"declared":true,"installed":true,"version":"4.4.1","resolution":"/Users/ralph/Projects/Hack-2023-backend/node_modules/firebase-functions/lib/v1/index.js"} {"metadata":{"emulator":{"name":"functions"},"function":{"name":"us-central1-api"},"extension":{},"message":"[runtime-status] [41956] Resolved module firebase-functions {\"declared\":true,\"installed\":true,\"version\":\"4.4.1\",\"resolution\":\"/Users/ralph/Projects/Hack-2023-backend/node_modules/firebase-functions/lib/v1/index.js\"}"}}
[debug] [2023-09-30T18:00:10.335Z] [runtime-status] [41956] Resolved module firebase-admin {"declared":true,"installed":true,"version":"11.11.0","resolution":"/Users/ralph/Projects/Hack-2023-backend/node_modules/firebase-admin/lib/index.js"} {"metadata":{"emulator":{"name":"functions"},"function":{"name":"us-central1-api"},"extension":{},"message":"[runtime-status] [41956] Resolved module firebase-admin {\"declared\":true,\"installed\":true,\"version\":\"11.11.0\",\"resolution\":\"/Users/ralph/Projects/Hack-2023-backend/node_modules/firebase-admin/lib/index.js\"}"}}
[debug] [2023-09-30T18:00:10.336Z] [runtime-status] [41956] Resolved module firebase-functions {"declared":true,"installed":true,"version":"4.4.1","resolution":"/Users/ralph/Projects/Hack-2023-backend/node_modules/firebase-functions/lib/v1/index.js"} {"metadata":{"emulator":{"name":"functions"},"function":{"name":"us-central1-api"},"extension":{},"message":"[runtime-status] [41956] Resolved module firebase-functions {\"declared\":true,\"installed\":true,\"version\":\"4.4.1\",\"resolution\":\"/Users/ralph/Projects/Hack-2023-backend/node_modules/firebase-functions/lib/v1/index.js\"}"}}
[debug] [2023-09-30T18:00:10.336Z] [runtime-status] [41956] firebase-admin has been stubbed. {"adminResolution":{"declared":true,"installed":true,"version":"11.11.0","resolution":"/Users/ralph/Projects/Hack-2023-backend/node_modules/firebase-admin/lib/index.js"}} {"metadata":{"emulator":{"name":"functions"},"function":{"name":"us-central1-api"},"extension":{},"message":"[runtime-status] [41956] firebase-admin has been stubbed. {\"adminResolution\":{\"declared\":true,\"installed\":true,\"version\":\"11.11.0\",\"resolution\":\"/Users/ralph/Projects/Hack-2023-backend/node_modules/firebase-admin/lib/index.js\"}}"}}
[debug] [2023-09-30T18:00:10.394Z] [runtime-status] [41956] Functions runtime initialized. {"cwd":"/Users/ralph/Projects/Hack-2023-backend/dist","node_version":"18.16.1"} {"metadata":{"emulator":{"name":"functions"},"function":{"name":"us-central1-api"},"extension":{},"message":"[runtime-status] [41956] Functions runtime initialized. {\"cwd\":\"/Users/ralph/Projects/Hack-2023-backend/dist\",\"node_version\":\"18.16.1\"}"}}
[debug] [2023-09-30T18:00:10.394Z] [runtime-status] [41956] Listening to port: /var/folders/tq/b756h98j3x3dgw3jwjffgwch0000gn/T/fire_emu_fd18f5ef781a6854.sock {"metadata":{"emulator":{"name":"functions"},"function":{"name":"us-central1-api"},"extension":{},"message":"[runtime-status] [41956] Listening to port: /var/folders/tq/b756h98j3x3dgw3jwjffgwch0000gn/T/fire_emu_fd18f5ef781a6854.sock"}}
[debug] [2023-09-30T18:00:10.493Z] [worker-us-central1-api-bc2aa58c-0854-427f-8b39-f43e21350d4e]: IDLE {"metadata":{"emulator":{"name":"functions"},"function":{"name":"us-central1-api"},"extension":{},"message":"[worker-us-central1-api-bc2aa58c-0854-427f-8b39-f43e21350d4e]: IDLE"}}
[debug] [2023-09-30T18:00:10.494Z] [worker-pool] submitRequest(triggerId=us-central1-api) {"metadata":{"emulator":{"name":"functions"},"message":"[worker-pool] submitRequest(triggerId=us-central1-api)"}}
[info] i  functions: Beginning execution of "us-central1-api" {"metadata":{"emulator":{"name":"functions"},"function":{"name":"us-central1-api"},"extension":{},"message":"Beginning execution of \"us-central1-api\""}}
[debug] [2023-09-30T18:00:10.496Z] [worker-us-central1-api-bc2aa58c-0854-427f-8b39-f43e21350d4e]: BUSY {"metadata":{"emulator":{"name":"functions"},"function":{"name":"us-central1-api"},"extension":{},"message":"[worker-us-central1-api-bc2aa58c-0854-427f-8b39-f43e21350d4e]: BUSY"}}
[info] >  mongodb+srv://hack2023:eEQXkqpBALgK7vyr@hack2023.3ehkdxg.mongodb.net/ {"user":"mongodb+srv://hack2023:eEQXkqpBALgK7vyr@hack2023.3ehkdxg.mongodb.net/","metadata":{"emulator":{"name":"functions"},"function":{"name":"us-central1-api"},"extension":{},"message":"\u001b[90m> \u001b[39m mongodb+srv://hack2023:eEQXkqpBALgK7vyr@hack2023.3ehkdxg.mongodb.net/"}}
[debug] [2023-09-30T18:00:11.314Z] Finishing up request with event=pause {"metadata":{"emulator":{"name":"functions"},"function":{"name":"us-central1-api"},"extension":{},"message":"Finishing up request with event=pause"}}
[info] i  functions: Finished "us-central1-api" in 818.719959ms {"metadata":{"emulator":{"name":"functions"},"function":{"name":"us-central1-api"},"extension":{},"message":"Finished \"us-central1-api\" in 818.719959ms"}}
[debug] [2023-09-30T18:00:11.315Z] [worker-us-central1-api-bc2aa58c-0854-427f-8b39-f43e21350d4e]: IDLE {"metadata":{"emulator":{"name":"functions"},"function":{"name":"us-central1-api"},"extension":{},"message":"[worker-us-central1-api-bc2aa58c-0854-427f-8b39-f43e21350d4e]: IDLE"}}
[debug] [2023-09-30T18:00:11.315Z] Finishing up request with event=finish {"metadata":{"emulator":{"name":"functions"},"function":{"name":"us-central1-api"},"extension":{},"message":"Finishing up request with event=finish"}}
[debug] [2023-09-30T18:00:11.315Z] Finishing up request with event=close {"metadata":{"emulator":{"name":"functions"},"function":{"name":"us-central1-api"},"extension":{},"message":"Finishing up request with event=close"}}
[debug] [2023-09-30T18:00:11.315Z] [work-queue] {"queuedWork":[],"queueLength":0,"runningWork":[],"workRunningCount":0}
